<?xml version="1.0" encoding="utf-8"?><testsuites name="pytest tests"><testsuite name="pytest" errors="0" failures="0" skipped="0" tests="4" time="1.490" timestamp="2026-09-01T11:49:23.511312+00:00" hostname="agent-env-fb59e4a5-aea0-4400-bca1-aa368e6192f3"><testcase classname="tests.test_iter8_bugs_i18n.TestRegressions" name="test_admin_login" time="0.432" /><testcase classname="tests.test_iter8_bugs_i18n.TestRegressions" name="test_admin_products_requires_auth" time="0.069" /><testcase classname="tests.test_iter8_bugs_i18n.TestRegressions" name="test_admin_products_with_auth" time="0.378" /><testcase classname="tests.test_iter8_bugs_i18n.TestRegressions" name="test_alarms_crud" time="0.291" /></testsuite></testsuites>