<?xml version="1.0" encoding="utf-8"?><testsuites name="pytest tests"><testsuite name="pytest" errors="0" failures="3" skipped="0" tests="15" time="15.340" timestamp="2026-09-01T11:48:50.308228+00:00" hostname="agent-env-fb59e4a5-aea0-4400-bca1-aa368e6192f3"><testcase classname="tests.test_iter8_bugs_i18n.TestCandles" name="test_candles_usd_1a" time="0.187" /><testcase classname="tests.test_iter8_bugs_i18n.TestRegressions" name="test_admin_login" time="0.417"><failure message="AssertionError: assert 'token' in {'access_token': 'eyJhbGciOiJIUzI1NiIsInR5cCI6IkpXVCJ9.eyJzdWIiOiI2YTk2YjU4NGRmN2UwZDMzOGE4ZjQ3YTAiLCJlbWFpbCI6ImFkbWluQG9ubGluZWt1ci5jb20iLCJyb2xlIjoiYWRtaW4iLCJpYXQiOjE3ODgyNjMzMzAsImV4cCI6MTc4ODM0OTczMH0.hkkiSTBAMlqYutKKHM46Gdyp_ShFPSCMLNLKVvaMB0A', 'token_type': 'bearer', 'email': 'admin@onlinekur.com'}&#10; +  where {'access_token': 'eyJhbGciOiJIUzI1NiIsInR5cCI6IkpXVCJ9.eyJzdWIiOiI2YTk2YjU4NGRmN2UwZDMzOGE4ZjQ3YTAiLCJlbWFpbCI6ImFkbWluQG9ubGluZWt1ci5jb20iLCJyb2xlIjoiYWRtaW4iLCJpYXQiOjE3ODgyNjMzMzAsImV4cCI6MTc4ODM0OTczMH0.hkkiSTBAMlqYutKKHM46Gdyp_ShFPSCMLNLKVvaMB0A', 'token_type': 'bearer', 'email': 'admin@onlinekur.com'} = json()&#10; +    where json = &lt;Response [200]&gt;.json">backend/tests/test_iter8_bugs_i18n.py:145: in test_admin_login
    assert "token" in r.json()
E   AssertionError: assert 'token' in {'access_token': 'eyJhbGciOiJIUzI1NiIsInR5cCI6IkpXVCJ9.eyJzdWIiOiI2YTk2YjU4NGRmN2UwZDMzOGE4ZjQ3YTAiLCJlbWFpbCI6ImFkbWluQG9ubGluZWt1ci5jb20iLCJyb2xlIjoiYWRtaW4iLCJpYXQiOjE3ODgyNjMzMzAsImV4cCI6MTc4ODM0OTczMH0.hkkiSTBAMlqYutKKHM46Gdyp_ShFPSCMLNLKVvaMB0A', 'token_type': 'bearer', 'email': 'admin@onlinekur.com'}
E    +  where {'access_token': 'eyJhbGciOiJIUzI1NiIsInR5cCI6IkpXVCJ9.eyJzdWIiOiI2YTk2YjU4NGRmN2UwZDMzOGE4ZjQ3YTAiLCJlbWFpbCI6ImFkbWluQG9ubGluZWt1ci5jb20iLCJyb2xlIjoiYWRtaW4iLCJpYXQiOjE3ODgyNjMzMzAsImV4cCI6MTc4ODM0OTczMH0.hkkiSTBAMlqYutKKHM46Gdyp_ShFPSCMLNLKVvaMB0A', 'token_type': 'bearer', 'email': 'admin@onlinekur.com'} = json()
E    +    where json = &lt;Response [200]&gt;.json</failure></testcase><testcase classname="tests.test_iter8_bugs_i18n.TestCandles" name="test_candles_ranges_differ" time="0.348" /><testcase classname="tests.test_iter8_bugs_i18n.TestRegressions" name="test_admin_products_requires_auth" time="0.056" /><testcase classname="tests.test_iter8_bugs_i18n.TestRegressions" name="test_admin_products_with_auth" time="2.658"><failure message="KeyError: 'token'">backend/tests/test_iter8_bugs_i18n.py:155: in test_admin_products_with_auth
    token = r.json()["token"]
            ^^^^^^^^^^^^^^^^^
E   KeyError: 'token'</failure></testcase><testcase classname="tests.test_iter8_bugs_i18n.TestCandles" name="test_candles_gold" time="0.082" /><testcase classname="tests.test_iter8_bugs_i18n.TestTTSLang" name="test_tts_turkish_numbers" time="0.064" /><testcase classname="tests.test_iter8_bugs_i18n.TestTTSLang" name="test_tts_english" time="2.254" /><testcase classname="tests.test_iter8_bugs_i18n.TestTTSLang" name="test_tts_german" time="2.386" /><testcase classname="tests.test_iter8_bugs_i18n.TestRegressions" name="test_alarms_crud" time="2.157"><failure message="AssertionError: {&quot;detail&quot;:[{&quot;type&quot;:&quot;missing&quot;,&quot;loc&quot;:[&quot;body&quot;,&quot;name&quot;],&quot;msg&quot;:&quot;Field required&quot;,&quot;input&quot;:{&quot;deviceId&quot;:&quot;TEST_iter8_dev&quot;,&quot;code&quot;:&quot;USD&quot;,&quot;basis&quot;:&quot;sell&quot;,&quot;condition&quot;:&quot;&gt;&quot;,&quot;target&quot;:999},&quot;url&quot;:&quot;https://errors.pydantic.&#10;assert 422 in (200, 201)&#10; +  where 422 = &lt;Response [422]&gt;.status_code">backend/tests/test_iter8_bugs_i18n.py:166: in test_alarms_crud
    assert r.status_code in (200, 201), r.text[:200]
E   AssertionError: {"detail":[{"type":"missing","loc":["body","name"],"msg":"Field required","input":{"deviceId":"TEST_iter8_dev","code":"USD","basis":"sell","condition":"&gt;","target":999},"url":"https://errors.pydantic.
E   assert 422 in (200, 201)
E    +  where 422 = &lt;Response [422]&gt;.status_code</failure></testcase><testcase classname="tests.test_iter8_bugs_i18n.TestAIChatLang" name="test_english_reply" time="3.739" /><testcase classname="tests.test_iter8_bugs_i18n.TestPricesIntegrity" name="test_prices_have_change_pct" time="0.089" /><testcase classname="tests.test_iter8_bugs_i18n.TestPricesIntegrity" name="test_prices_usd_day_hi_lo_sane" time="0.090" /><testcase classname="tests.test_iter8_bugs_i18n.TestAIChatLang" name="test_turkish_reply" time="2.761" /><testcase classname="tests.test_iter8_bugs_i18n.TestAIChatLang" name="test_german_reply" time="3.199" /></testsuite></testsuites>